{"created": 1744958761.9051154, "duration": 0.6517212390899658, "exitcode": 1, "root": "E:\\suli\\szakdoga\\sampleprogram", "environment": {}, "summary": {"passed": 5, "failed": 1, "total": 6, "collected": 6}, "collectors": [{"nodeid": "", "outcome": "passed", "result": [{"nodeid": "tests", "type": "Package"}]}, {"nodeid": "tests/test_main.py", "outcome": "passed", "result": [{"nodeid": "tests/test_main.py::test_product_creation", "type": "Function", "lineno": 3}, {"nodeid": "tests/test_main.py::test_cart_add_product", "type": "Function", "lineno": 9}, {"nodeid": "tests/test_main.py::test_cart_get_total_price", "type": "Function", "lineno": 20}, {"nodeid": "tests/test_main.py::test_checkout_calculate_total", "type": "Function", "lineno": 27}, {"nodeid": "tests/test_main.py::test_checkout_process_payment", "type": "Function", "lineno": 35}, {"nodeid": "tests/test_main.py::test_checkout_apply_special_offers", "type": "Function", "lineno": 44}]}, {"nodeid": "tests", "outcome": "passed", "result": [{"nodeid": "tests/test_main.py", "type": "Module"}]}], "tests": [{"nodeid": "tests/test_main.py::test_product_creation", "lineno": 3, "outcome": "passed", "keywords": ["test_product_creation", "test_main.py", "tests", "sampleprogram", ""], "setup": {"duration": 0.005378899979405105, "outcome": "passed"}, "call": {"duration": 0.0671116000157781, "outcome": "passed"}, "teardown": {"duration": 0.0017738000024110079, "outcome": "passed"}}, {"nodeid": "tests/test_main.py::test_cart_add_product", "lineno": 9, "outcome": "passed", "keywords": ["test_cart_add_product", "test_main.py", "tests", "sampleprogram", ""], "setup": {"duration": 0.0018515999836381525, "outcome": "passed"}, "call": {"duration": 0.018443499982822686, "outcome": "passed"}, "teardown": {"duration": 0.0019345000036992133, "outcome": "passed"}}, {"nodeid": "tests/test_main.py::test_cart_get_total_price", "lineno": 20, "outcome": "passed", "keywords": ["test_cart_get_total_price", "test_main.py", "tests", "sampleprogram", ""], "setup": {"duration": 0.0013102000229991972, "outcome": "passed"}, "call": {"duration": 0.008380399987800047, "outcome": "passed"}, "teardown": {"duration": 0.0018035999964922667, "outcome": "passed"}}, {"nodeid": "tests/test_main.py::test_checkout_calculate_total", "lineno": 27, "outcome": "passed", "keywords": ["test_checkout_calculate_total", "test_main.py", "tests", "sampleprogram", ""], "setup": {"duration": 0.002759499999228865, "outcome": "passed"}, "call": {"duration": 0.008800399984465912, "outcome": "passed"}, "teardown": {"duration": 0.0024000999983400106, "outcome": "passed"}}, {"nodeid": "tests/test_main.py::test_checkout_process_payment", "lineno": 35, "outcome": "passed", "keywords": ["test_checkout_process_payment", "test_main.py", "tests", "sampleprogram", ""], "setup": {"duration": 0.0013937999901827425, "outcome": "passed"}, "call": {"duration": 0.01662490001763217, "outcome": "passed"}, "teardown": {"duration": 0.0010580999951343983, "outcome": "passed"}}, {"nodeid": "tests/test_main.py::test_checkout_apply_special_offers", "lineno": 44, "outcome": "failed", "keywords": ["test_checkout_apply_special_offers", "test_main.py", "tests", "sampleprogram", ""], "setup": {"duration": 0.0013984999968670309, "outcome": "passed"}, "call": {"duration": 0.02347730001201853, "outcome": "failed", "crash": {"path": "E:\\suli\\szakdoga\\sampleprogram\\tests\\test_main.py", "lineno": 51, "message": "AssertionError: The discount price calculation is incorrect!\nassert 9101.0 == 9100"}, "traceback": [{"path": "tests\\test_main.py", "lineno": 51, "message": "AssertionError"}], "longrepr": "def test_checkout_apply_special_offers():\n        cart = Cart()\n        cart.add_product(Product(\"Sweater\", 5000))\n        cart.add_product(Product(\"Trousers\", 7000))\n        checkout = Checkout(cart)\n        special_offer_price = checkout.apply_special_offers()\n>       assert special_offer_price == 9100, \"The discount price calculation is incorrect!\"\nE       AssertionError: The discount price calculation is incorrect!\nE       assert 9101.0 == 9100\n\ntests\\test_main.py:51: AssertionError"}, "teardown": {"duration": 0.00117790000513196, "outcome": "passed"}}]}